0 info it worked if it ends with ok
1 verbose cli [ 'C:\\Program Files\\nodejs\\node.exe',
1 verbose cli   'c:\\Users\\hi\\AppData\\Roaming\\npm\\node_modules\\npm\\bin\\npm-cli.js',
1 verbose cli   'start' ]
2 info using npm@3.10.8
3 info using node@v4.4.5
4 verbose run-script [ 'prestart', 'start', 'poststart' ]
5 info lifecycle angular-quickstart@1.0.0~prestart: angular-quickstart@1.0.0
6 silly lifecycle angular-quickstart@1.0.0~prestart: no script for prestart, continuing
7 info lifecycle angular-quickstart@1.0.0~start: angular-quickstart@1.0.0
8 verbose lifecycle angular-quickstart@1.0.0~start: unsafe-perm in lifecycle true
9 verbose lifecycle angular-quickstart@1.0.0~start: PATH: c:\Users\hi\AppData\Roaming\npm\node_modules\npm\bin\node-gyp-bin;C:\Users\hi\Desktop\sublime-ng-2\node_modules\.bin;C:\ProgramData\Oracle\Java\javapath;C:\Program Files (x86)\Intel\iCLS Client\;C:\Program Files\Intel\iCLS Client\;C:\WINDOWS\system32;C:\WINDOWS;C:\WINDOWS\System32\Wbem;C:\WINDOWS\System32\WindowsPowerShell\v1.0\;C:\Program Files\Intel\Intel(R) Management Engine Components\DAL;C:\Program Files (x86)\Intel\Intel(R) Management Engine Components\DAL;C:\Program Files\Intel\Intel(R) Management Engine Components\IPT;C:\Program Files (x86)\Intel\Intel(R) Management Engine Components\IPT;C:\Program Files\Intel\WiFi\bin\;C:\Program Files\Common Files\Intel\WirelessCommon\;C:\Program Files\Microsoft SQL Server\110\Tools\Binn\;C:\Program Files\Microsoft SQL Server\120\Tools\Binn\;C:\Program Files\Git\cmd;C:\Program Files\Git\mingw64\bin;C:\Program Files\Git\usr\bin;C:\WINDOWS\system32\config\systemprofile\.dnx\bin;C:\Program Files\Microsoft DNX\Dnvm\;C:\Program Files (x86)\Heroku\bin;C:\Program Files (x86)\git\cmd;c:\users\hi\AppData\Roaming\npm\;C:\Program Files\nodejs;C:\Program Files (x86)\Brackets\command;C:\Program Files (x86)\Skype\Phone\;C:\Program Files\Java\jdk1.8.0_73\bin;C:\Program Files\nodejs\;C:\Program Files (x86)\Microsoft SQL Server\110\Tools\Binn\ManagementStudio\;C:\Program Files (x86)\Microsoft SQL Server\110\Tools\Binn\;C:\Program Files (x86)\Microsoft SQL Server\110\DTS\Binn\;C:\Ruby200-x64\bin;C:\Program Files\Intel\WiFi\bin\;C:\Program Files\Common Files\Intel\WirelessCommon\;C:\Program Files\nodejs;C:\Users\hi\AppData\Roaming\npm;C:\MONGO\BIN;C:\Program Files\MongoDB\Server\3.0\bin;C:\Program Files\Java\jdk1.8.0_73\bin;C:\Program Files (x86)\Microsoft VS Code\bin;C:\Program Files\apache-ant-1.9.6\bin;C:\Program Files (x86)\Android\android-sdk\tools;C:\Program Files (x86)\Android\android-sdk\platform-tools;C:\Users\hi\AppData\Local\Microsoft\WindowsApps;
10 verbose lifecycle angular-quickstart@1.0.0~start: CWD: C:\Users\hi\Desktop\sublime-ng-2
11 silly lifecycle angular-quickstart@1.0.0~start: Args: [ '/d /s /c', 'tsc && concurrently "tsc -w" "lite-server" ' ]
12 silly lifecycle angular-quickstart@1.0.0~start: Returned: code: 3221225786  signal: null
13 info lifecycle angular-quickstart@1.0.0~start: Failed to exec start script
14 verbose stack Error: angular-quickstart@1.0.0 start: `tsc && concurrently "tsc -w" "lite-server" `
14 verbose stack Exit status 3221225786
14 verbose stack     at EventEmitter.<anonymous> (c:\Users\hi\AppData\Roaming\npm\node_modules\npm\lib\utils\lifecycle.js:255:16)
14 verbose stack     at emitTwo (events.js:87:13)
14 verbose stack     at EventEmitter.emit (events.js:172:7)
14 verbose stack     at ChildProcess.<anonymous> (c:\Users\hi\AppData\Roaming\npm\node_modules\npm\lib\utils\spawn.js:40:14)
14 verbose stack     at emitTwo (events.js:87:13)
14 verbose stack     at ChildProcess.emit (events.js:172:7)
14 verbose stack     at maybeClose (internal/child_process.js:827:16)
14 verbose stack     at Process.ChildProcess._handle.onexit (internal/child_process.js:211:5)
15 verbose pkgid angular-quickstart@1.0.0
16 verbose cwd C:\Users\hi\Desktop\sublime-ng-2
17 error Windows_NT 10.0.14393
18 error argv "C:\\Program Files\\nodejs\\node.exe" "c:\\Users\\hi\\AppData\\Roaming\\npm\\node_modules\\npm\\bin\\npm-cli.js" "start"
19 error node v4.4.5
20 error npm  v3.10.8
21 error code ELIFECYCLE
22 error angular-quickstart@1.0.0 start: `tsc && concurrently "tsc -w" "lite-server" `
22 error Exit status 3221225786
23 error Failed at the angular-quickstart@1.0.0 start script 'tsc && concurrently "tsc -w" "lite-server" '.
23 error Make sure you have the latest version of node.js and npm installed.
23 error If you do, this is most likely a problem with the angular-quickstart package,
23 error not with npm itself.
23 error Tell the author that this fails on your system:
23 error     tsc && concurrently "tsc -w" "lite-server"
23 error You can get information on how to open an issue for this project with:
23 error     npm bugs angular-quickstart
23 error Or if that isn't available, you can get their info via:
23 error     npm owner ls angular-quickstart
23 error There is likely additional logging output above.
24 verbose exit [ 1, true ]
